<?xml version="1.0" encoding="UTF-8"?>
<!-- Generated by org.testng.reporters.JUnitReportReporter -->
<testsuite hostname="Rakit" failures="0" tests="9" name="testcases.EndToEndProductTest" time="46.569" errors="0" timestamp="2023-10-02T20:10:42 IST" skipped="0">
  <testcase classname="testcases.EndToEndProductTest" name="addSingleProdAndCheckOut" time="0.997"/>
  <system-out/>
  <testcase classname="testcases.EndToEndProductTest" name="addMultiProdAndCheckOut" time="0.902"/>
  <system-out/>
  <testcase classname="testcases.EndToEndProductTest" name="sortProducts" time="1.023"/>
  <system-out/>
  <testcase classname="testcases.EndToEndProductTest" name="singleAddedProdRemovefromCart" time="0.265"/>
  <system-out/>
  <testcase classname="testcases.EndToEndProductTest" name="multiAddedProdRemovefromCart" time="0.533"/>
  <system-out/>
  <testcase classname="testcases.EndToEndProductTest" name="verifyTwitterNavigation" time="30.124"/>
  <system-out/>
  <testcase classname="testcases.EndToEndProductTest" name="verifyFBNavigation" time="1.545"/>
  <system-out/>
  <testcase classname="testcases.EndToEndProductTest" name="verifyLinkedInNavigation" time="2.574"/>
  <system-out/>
  <testcase classname="testcases.EndToEndProductTest" name="verifyOpenMenu" time="8.606"/>
  <system-out/>
</testsuite> <!-- testcases.EndToEndProductTest -->
